<?xml version="1.0" encoding="utf-8" ?>
<beans xmlns="http://www.springframework.org/schema/beans"
       xmlns:xsi="http://www.w3.org/2001/XMLSchema-instance"
       xsi:schemaLocation="http://www.springframework.org/schema/beans
http://www.springframework.org/schema/beans/spring-beans-3.0.xsd">

    <bean id="dataSource" class="org.springframework.jdbc.datasource.SimpleDriverDataSource">
        <property name="driverClass" value="com.mysql.cj.jdbc.Driver" />
        <property name="url" value="jdbc:mysql://localhost:3306/testdb" />
        <property name="username" value="root" />
        <property name="password" value="0000" />
    </bean>

    <bean id="userDao" class="basics.tobyspring6.chapter61.UserDaoJdbc611">
        <property name="dataSource" ref="dataSource" />
    </bean>

    <bean id="transactionManager" class="org.springframework.jdbc.datasource.DataSourceTransactionManager">
        <property name="dataSource" ref="dataSource" />
    </bean>


    <bean id="userServiceImpl" class="basics.tobyspring6.chapter61.UserServiceImpl612">
        <property name="userDao" ref="userDao" />
    </bean>

    <bean id="userService" class="basics.tobyspring6.chapter61.UserServiceTx612">
        <property name="transactionManager" ref="transactionManager" />
        <property name="userService" ref="userServiceImpl" />
    </bean>
</beans>