<?xml version="1.0" encoding="utf-8" ?>
<beans xmlns="http://www.springframework.org/schema/beans"
       xmlns:xsi="http://www.w3.org/2001/XMLSchema-instance"
       xsi:schemaLocation="http://www.springframework.org/schema/beans
http://www.springframework.org/schema/beans/spring-beans-3.0.xsd">


    <bean class="org.springframework.aop.framework.autoproxy.DefaultAdvisorAutoProxyCreator" />

    <bean id="dataSource" class="org.springframework.jdbc.datasource.SimpleDriverDataSource">
        <property name="driverClass" value="com.mysql.cj.jdbc.Driver" />
        <property name="url" value="jdbc:mysql://localhost:3306/testdb" />
        <property name="username" value="root" />
        <property name="password" value="0000" />
    </bean>

    <bean id="userDao" class="basics.tobyspring6.chapter61.UserDaoJdbc611">
        <property name="dataSource" ref="dataSource"/>
    </bean>

    <bean id="userService" class="basics.tobyspring6.chapter61.UserServiceImpl612">
        <property name="userDao" ref="userDao"/>
    </bean>

    <bean id="testUserService" parent="userService" class="basics.tobyspring6.chapter65.UserServiceTest652$TestUserServiceImpl"/>

    <bean id="transactionManager" class="org.springframework.jdbc.datasource.DataSourceTransactionManager">
        <property name="dataSource" ref="dataSource" />
    </bean>

    <bean id="transactionAdvice" class="basics.tobyspring6.chapter64.TransactionAdvice642" >
        <property name="transactionManager" ref="transactionManager"/>
    </bean>

    <bean id="transactionPointcut" class="basics.tobyspring6.chapter65.NameMatchClassMethodPointcut652">
        <property name="mappedClassName" value="*ServiceImpl*" />
        <property name="mappedName" value="upgrade*" />
    </bean>

    <bean id="transactionAdvisor" class="org.springframework.aop.support.DefaultPointcutAdvisor">
        <property name="advice" ref="transactionAdvice" />
        <property name="pointcut" ref="transactionPointcut" />
    </bean>


</beans>